<?xml version="1.0" encoding="UTF-8"?>
<testng-results ignored="0" total="0" passed="0" failed="0" skipped="0">
  <reporter-output>
  </reporter-output>
  <suite started-at="2022-09-16T12:28:31 IST" name="Suite" finished-at="2022-09-16T12:28:38 IST" duration-ms="7076">
    <groups>
    </groups>
    <test started-at="2022-09-16T12:28:31 IST" name="TestFirefox" finished-at="2022-09-16T12:28:37 IST" duration-ms="6456">
      <class name="com.salesHandy.Testcases.crossBrowser">
        <test-method is-config="true" signature="setUpTest(java.lang.String)[pri:0, instance:com.salesHandy.Testcases.crossBrowser@957e06]" started-at="2022-09-16T12:28:31 IST" name="setUpTest" finished-at="2022-09-16T12:28:37 IST" duration-ms="6425" status="PASS">
          <params>
            <param index="0">
              <value>
                <![CDATA[firefox]]>
              </value>
            </param>
          </params>
          <reporter-output>
          </reporter-output>
        </test-method> <!-- setUpTest -->
      </class> <!-- com.salesHandy.Testcases.crossBrowser -->
    </test> <!-- TestFirefox -->
    <test started-at="2022-09-16T12:28:31 IST" name="TestChrome" finished-at="2022-09-16T12:28:38 IST" duration-ms="7076">
      <class name="com.salesHandy.Testcases.crossBrowser">
        <test-method is-config="true" signature="setUpTest(java.lang.String)[pri:0, instance:com.salesHandy.Testcases.crossBrowser@47987356]" started-at="2022-09-16T12:28:31 IST" name="setUpTest" finished-at="2022-09-16T12:28:38 IST" duration-ms="7069" status="PASS">
          <params>
            <param index="0">
              <value>
                <![CDATA[chrome]]>
              </value>
            </param>
          </params>
          <reporter-output>
          </reporter-output>
        </test-method> <!-- setUpTest -->
      </class> <!-- com.salesHandy.Testcases.crossBrowser -->
    </test> <!-- TestChrome -->
  </suite> <!-- Suite -->
</testng-results>
