<?xml version="1.0" encoding="UTF-8"?>
<testng-results ignored="0" total="1" passed="1" failed="0" skipped="0">
  <reporter-output>
  </reporter-output>
  <suite started-at="2022-09-16T12:33:47 IST" name="Suite" finished-at="2022-09-16T12:34:11 IST" duration-ms="23540">
    <groups>
    </groups>
    <test started-at="2022-09-16T12:33:47 IST" name="TestChrome" finished-at="2022-09-16T12:34:11 IST" duration-ms="23540">
      <class name="com.salesHandy.Testcases.TestCase1">
        <test-method is-config="true" signature="setup()[pri:0, instance:com.salesHandy.Testcases.TestCase1@4b8ee4de]" started-at="2022-09-16T12:33:47 IST" name="setup" finished-at="2022-09-16T12:33:47 IST" duration-ms="175" status="PASS">
          <reporter-output>
          </reporter-output>
        </test-method> <!-- setup -->
        <test-method is-config="true" signature="setUpTest(java.lang.String)[pri:0, instance:com.salesHandy.Testcases.TestCase1@4b8ee4de]" started-at="2022-09-16T12:33:47 IST" name="setUpTest" finished-at="2022-09-16T12:33:56 IST" duration-ms="8447" status="PASS">
          <params>
            <param index="0">
              <value>
                <![CDATA[firefox]]>
              </value>
            </param>
          </params>
          <reporter-output>
          </reporter-output>
        </test-method> <!-- setUpTest -->
        <test-method signature="test1()[pri:0, instance:com.salesHandy.Testcases.TestCase1@4b8ee4de]" started-at="2022-09-16T12:33:56 IST" name="test1" finished-at="2022-09-16T12:34:11 IST" duration-ms="15036" status="PASS">
          <reporter-output>
          </reporter-output>
        </test-method> <!-- test1 -->
        <test-method is-config="true" signature="tearDownTest()[pri:0, instance:com.salesHandy.Testcases.TestCase1@4b8ee4de]" started-at="2022-09-16T12:34:11 IST" name="tearDownTest" finished-at="2022-09-16T12:34:11 IST" duration-ms="0" status="PASS">
          <reporter-output>
          </reporter-output>
        </test-method> <!-- tearDownTest -->
        <test-method is-config="true" signature="tearDown()[pri:0, instance:com.salesHandy.Testcases.TestCase1@4b8ee4de]" started-at="2022-09-16T12:34:11 IST" name="tearDown" finished-at="2022-09-16T12:34:12 IST" duration-ms="450" status="PASS">
          <reporter-output>
          </reporter-output>
        </test-method> <!-- tearDown -->
      </class> <!-- com.salesHandy.Testcases.TestCase1 -->
    </test> <!-- TestChrome -->
  </suite> <!-- Suite -->
</testng-results>
